<?xml version="1.0" encoding="UTF-8"?>
<!-- Generated by org.testng.reporters.JUnitReportReporter -->
<testsuite hostname="MSI" failures="0" tests="1" name="com.rsa.POM.AddToCart" time="4.478" errors="0" timestamp="2024-07-07T22:23:41 IST" skipped="0">
  <testcase classname="com.rsa.POM.AddToCart" name="product" time="4.478"/>
</testsuite> <!-- com.rsa.POM.AddToCart -->
