<?xml version="1.0" encoding="UTF-8"?>
<!-- Generated by org.testng.reporters.JUnitReportReporter -->
<testsuite hostname="MSI" failures="0" tests="1" name="com.rsa.ExtentReports.BasicTest" time="7.221" errors="0" timestamp="2024-07-06T22:09:36 IST" skipped="0">
  <testcase classname="com.rsa.ExtentReports.BasicTest" name="base" time="7.221"/>
</testsuite> <!-- com.rsa.ExtentReports.BasicTest -->
