<?xml version="1.0" encoding="UTF-8"?>
<!-- Generated by org.testng.reporters.JUnitReportReporter -->
<testsuite hostname="MSI" failures="0" tests="1" name="com.rsa.EcommersWebsite.AddToCart" time="11.130" errors="0" timestamp="2024-07-06T10:43:57 IST" skipped="0">
  <testcase classname="com.rsa.EcommersWebsite.AddToCart" name="product" time="11.130"/>
</testsuite> <!-- com.rsa.EcommersWebsite.AddToCart -->
