<?xml version="1.0" encoding="UTF-8"?>
<!-- Generated by org.testng.reporters.JUnitReportReporter -->
<testsuite hostname="MSI" failures="0" tests="1" name="com.rsa.POM.ErrorValidations" time="6.874" errors="0" timestamp="2024-07-05T22:38:45 IST" skipped="0">
  <testcase classname="com.rsa.POM.ErrorValidations" name="submit" time="6.874"/>
</testsuite> <!-- com.rsa.POM.ErrorValidations -->
