<?xml version="1.0" encoding="UTF-8"?>
<!-- Generated by org.testng.reporters.JUnitReportReporter -->
<testsuite hostname="MSI" failures="0" tests="3" name="com.rsa.POM.SubmitOderTest" time="52.745" errors="0" timestamp="2024-07-13T14:35:13 IST" skipped="0">
  <testcase classname="com.rsa.POM.SubmitOderTest" name="submitOrder" time="23.937"/>
  <testcase classname="com.rsa.POM.SubmitOderTest" name="orderTest" time="6.690"/>
  <testcase classname="com.rsa.POM.SubmitOderTest" name="submitOrder" time="22.118"/>
</testsuite> <!-- com.rsa.POM.SubmitOderTest -->
